# JRE version: OpenJDK Runtime Environment (8.0_242-b01) (build 1.8.0_242-release-1644-b01)
# Java VM: OpenJDK 64-Bit Server VM (25.242-b01 mixed mode windows-amd64 compressed oops)
Heap:
 PSYoungGen      total 245760K, used 152035K [0x00000000d5580000, 0x00000000e6580000, 0x0000000100000000)
  eden space 227840K, 66% used [0x00000000d5580000,0x00000000de9f8f38,0x00000000e3400000)
  from space 17920K, 0% used [0x00000000e4580000,0x00000000e4580000,0x00000000e5700000)
  to   space 17920K, 0% used [0x00000000e3400000,0x00000000e3400000,0x00000000e4580000)
 ParOldGen       total 199680K, used 31920K [0x0000000080000000, 0x000000008c300000, 0x00000000d5580000)
  object space 199680K, 15% used [0x0000000080000000,0x0000000081f2c238,0x000000008c300000)
 Metaspace       used 66493K, capacity 69344K, committed 69464K, reserved 1110016K
  class space    used 8946K, capacity 9509K, committed 9600K, reserved 1048576K
GC Heap History (10 events):
Event: 8.887 GC heap before
{Heap before GC invocations=9 (full 2):
 PSYoungGen      total 118784K, used 8097K [0x00000000d5580000, 0x00000000e2000000, 0x0000000100000000)
  eden space 105984K, 0% used [0x00000000d5580000,0x00000000d5580000,0x00000000dbd00000)
  from space 12800K, 63% used [0x00000000dbd00000,0x00000000dc4e8688,0x00000000dc980000)
  to   space 12288K, 0% used [0x00000000e1400000,0x00000000e1400000,0x00000000e2000000)
 ParOldGen       total 93696K, used 7119K [0x0000000080000000, 0x0000000085b80000, 0x00000000d5580000)
  object space 93696K, 7% used [0x0000000080000000,0x00000000806f3f38,0x0000000085b80000)
 Metaspace       used 34039K, capacity 35334K, committed 35456K, reserved 1079296K
  class space    used 4593K, capacity 4912K, committed 4992K, reserved 1048576K
Event: 8.937 GC heap after
Heap after GC invocations=9 (full 2):
 PSYoungGen      total 118784K, used 0K [0x00000000d5580000, 0x00000000e2000000, 0x0000000100000000)
  eden space 105984K, 0% used [0x00000000d5580000,0x00000000d5580000,0x00000000dbd00000)
  from space 12800K, 0% used [0x00000000dbd00000,0x00000000dbd00000,0x00000000dc980000)
  to   space 12288K, 0% used [0x00000000e1400000,0x00000000e1400000,0x00000000e2000000)
 ParOldGen       total 132608K, used 14722K [0x0000000080000000, 0x0000000088180000, 0x00000000d5580000)
  object space 132608K, 11% used [0x0000000080000000,0x0000000080e60820,0x0000000088180000)
 Metaspace       used 34039K, capacity 35334K, committed 35456K, reserved 1079296K
  class space    used 4593K, capacity 4912K, committed 4992K, reserved 1048576K
}
Event: 9.967 GC heap before
{Heap before GC invocations=10 (full 2):
 PSYoungGen      total 118784K, used 105984K [0x00000000d5580000, 0x00000000e2000000, 0x0000000100000000)
  eden space 105984K, 100% used [0x00000000d5580000,0x00000000dbd00000,0x00000000dbd00000)
  from space 12800K, 0% used [0x00000000dbd00000,0x00000000dbd00000,0x00000000dc980000)
  to   space 12288K, 0% used [0x00000000e1400000,0x00000000e1400000,0x00000000e2000000)
 ParOldGen       total 132608K, used 14722K [0x0000000080000000, 0x0000000088180000, 0x00000000d5580000)
  object space 132608K, 11% used [0x0000000080000000,0x0000000080e60820,0x0000000088180000)
 Metaspace       used 38640K, capacity 40612K, committed 40832K, reserved 1085440K
  class space    used 5331K, capacity 5737K, committed 5760K, reserved 1048576K
Event: 9.975 GC heap after
Heap after GC invocations=10 (full 2):
 PSYoungGen      total 178688K, used 9186K [0x00000000d5580000, 0x00000000e1d00000, 0x0000000100000000)
  eden space 169472K, 0% used [0x00000000d5580000,0x00000000d5580000,0x00000000dfb00000)
  from space 9216K, 99% used [0x00000000e1400000,0x00000000e1cf8800,0x00000000e1d00000)
  to   space 12288K, 0% used [0x00000000e0500000,0x00000000e0500000,0x00000000e1100000)
 ParOldGen       total 132608K, used 14730K [0x0000000080000000, 0x0000000088180000, 0x00000000d5580000)
  object space 132608K, 11% used [0x0000000080000000,0x0000000080e62820,0x0000000088180000)
 Metaspace       used 38640K, capacity 40612K, committed 40832K, reserved 1085440K
  class space    used 5331K, capacity 5737K, committed 5760K, reserved 1048576K
}
Event: 12.176 GC heap before
{Heap before GC invocations=11 (full 2):
 PSYoungGen      total 178688K, used 178546K [0x00000000d5580000, 0x00000000e1d00000, 0x0000000100000000)
  eden space 169472K, 99% used [0x00000000d5580000,0x00000000dfae42b8,0x00000000dfb00000)
  from space 9216K, 99% used [0x00000000e1400000,0x00000000e1cf8800,0x00000000e1d00000)
  to   space 12288K, 0% used [0x00000000e0500000,0x00000000e0500000,0x00000000e1100000)
 ParOldGen       total 132608K, used 14730K [0x0000000080000000, 0x0000000088180000, 0x00000000d5580000)
  object space 132608K, 11% used [0x0000000080000000,0x0000000080e62820,0x0000000088180000)
 Metaspace       used 52320K, capacity 54574K, committed 54912K, reserved 1097728K
  class space    used 6976K, capacity 7443K, committed 7552K, reserved 1048576K
Event: 12.199 GC heap after
Heap after GC invocations=11 (full 2):
 PSYoungGen      total 192000K, used 12273K [0x00000000d5580000, 0x00000000e5700000, 0x0000000100000000)
  eden space 179712K, 0% used [0x00000000d5580000,0x00000000d5580000,0x00000000e0500000)
  from space 12288K, 99% used [0x00000000e0500000,0x00000000e10fc420,0x00000000e1100000)
  to   space 17920K, 0% used [0x00000000e4580000,0x00000000e4580000,0x00000000e5700000)
 ParOldGen       total 132608K, used 26318K [0x0000000080000000, 0x0000000088180000, 0x00000000d5580000)
  object space 132608K, 19% used [0x0000000080000000,0x00000000819b3990,0x0000000088180000)
 Metaspace       used 52320K, capacity 54574K, committed 54912K, reserved 1097728K
  class space    used 6976K, capacity 7443K, committed 7552K, reserved 1048576K
}
Event: 13.041 GC heap before
{Heap before GC invocations=12 (full 2):
 PSYoungGen      total 192000K, used 58536K [0x00000000d5580000, 0x00000000e5700000, 0x0000000100000000)
  eden space 179712K, 25% used [0x00000000d5580000,0x00000000d82adf60,0x00000000e0500000)
  from space 12288K, 99% used [0x00000000e0500000,0x00000000e10fc420,0x00000000e1100000)
  to   space 17920K, 0% used [0x00000000e4580000,0x00000000e4580000,0x00000000e5700000)
 ParOldGen       total 132608K, used 26318K [0x0000000080000000, 0x0000000088180000, 0x00000000d5580000)
  object space 132608K, 19% used [0x0000000080000000,0x00000000819b3990,0x0000000088180000)
 Metaspace       used 56688K, capacity 59032K, committed 59096K, reserved 1099776K
  class space    used 7467K, capacity 7936K, committed 7936K, reserved 1048576K
Event: 13.057 GC heap after
Heap after GC invocations=12 (full 2):
 PSYoungGen      total 245760K, used 11682K [0x00000000d5580000, 0x00000000e6580000, 0x0000000100000000)
  eden space 227840K, 0% used [0x00000000d5580000,0x00000000d5580000,0x00000000e3400000)
  from space 17920K, 65% used [0x00000000e4580000,0x00000000e50e8b48,0x00000000e5700000)
  to   space 17920K, 0% used [0x00000000e3400000,0x00000000e3400000,0x00000000e4580000)
 ParOldGen       total 132608K, used 31468K [0x0000000080000000, 0x0000000088180000, 0x00000000d5580000)
  object space 132608K, 23% used [0x0000000080000000,0x0000000081ebb130,0x0000000088180000)
 Metaspace       used 56688K, capacity 59032K, committed 59096K, reserved 1099776K
  class space    used 7467K, capacity 7936K, committed 7936K, reserved 1048576K
}
Event: 13.057 GC heap before
{Heap before GC invocations=13 (full 3):
 PSYoungGen      total 245760K, used 11682K [0x00000000d5580000, 0x00000000e6580000, 0x0000000100000000)
  eden space 227840K, 0% used [0x00000000d5580000,0x00000000d5580000,0x00000000e3400000)
  from space 17920K, 65% used [0x00000000e4580000,0x00000000e50e8b48,0x00000000e5700000)
  to   space 17920K, 0% used [0x00000000e3400000,0x00000000e3400000,0x00000000e4580000)
 ParOldGen       total 132608K, used 31468K [0x0000000080000000, 0x0000000088180000, 0x00000000d5580000)
  object space 132608K, 23% used [0x0000000080000000,0x0000000081ebb130,0x0000000088180000)
 Metaspace       used 56688K, capacity 59032K, committed 59096K, reserved 1099776K
  class space    used 7467K, capacity 7936K, committed 7936K, reserved 1048576K
Event: 13.333 GC heap after
Heap after GC invocations=13 (full 3):
 PSYoungGen      total 245760K, used 0K [0x00000000d5580000, 0x00000000e6580000, 0x0000000100000000)
  eden space 227840K, 0% used [0x00000000d5580000,0x00000000d5580000,0x00000000e3400000)
  from space 17920K, 0% used [0x00000000e4580000,0x00000000e4580000,0x00000000e5700000)
  to   space 17920K, 0% used [0x00000000e3400000,0x00000000e3400000,0x00000000e4580000)
 ParOldGen       total 199680K, used 31920K [0x0000000080000000, 0x000000008c300000, 0x00000000d5580000)
  object space 199680K, 15% used [0x0000000080000000,0x0000000081f2c238,0x000000008c300000)
 Metaspace       used 56605K, capacity 58768K, committed 59096K, reserved 1099776K
  class space    used 7441K, capacity 7890K, committed 7936K, reserved 1048576K
}

